<?xml version="1.0" encoding="UTF-8"?>
<testng-results ignored="0" total="2" passed="2" failed="0" skipped="0">
  <reporter-output>
  </reporter-output>
  <suite started-at="2023-11-02T06:54:17 UTC" name="Default suite" finished-at="2023-11-02T06:54:30 UTC" duration-ms="12375">
    <groups>
    </groups>
    <test started-at="2023-11-02T06:54:17 UTC" name="Default test" finished-at="2023-11-02T06:54:30 UTC" duration-ms="12375">
      <class name="com.dhl.test.LoginUITest">
        <test-method is-config="true" signature="init()[pri:0, instance:com.dhl.test.LoginUITest@3c77d488]" started-at="2023-11-02T06:54:17 UTC" name="init" finished-at="2023-11-02T06:54:17 UTC" duration-ms="378" status="PASS">
          <reporter-output>
          </reporter-output>
        </test-method> <!-- init -->
        <test-method is-config="true" signature="setup(java.lang.String,java.lang.reflect.Method)[pri:0, instance:com.dhl.test.LoginUITest@3c77d488]" started-at="2023-11-02T06:54:17 UTC" name="setup" finished-at="2023-11-02T06:54:24 UTC" duration-ms="6553" status="PASS">
          <params>
            <param index="0">
              <value>
                <![CDATA[ch]]>
              </value>
            </param>
            <param index="1">
              <value>
                <![CDATA[public void com.dhl.test.LoginUITest.placeholderTest()]]>
              </value>
            </param>
          </params>
          <reporter-output>
          </reporter-output>
        </test-method> <!-- setup -->
        <test-method signature="placeholderTest()[pri:0, instance:com.dhl.test.LoginUITest@3c77d488]" started-at="2023-11-02T06:54:24 UTC" name="placeholderTest" finished-at="2023-11-02T06:54:25 UTC" duration-ms="500" status="PASS">
          <reporter-output>
          </reporter-output>
        </test-method> <!-- placeholderTest -->
        <test-method is-config="true" signature="teardown(org.testng.ITestResult)[pri:0, instance:com.dhl.test.LoginUITest@3c77d488]" started-at="2023-11-02T06:54:25 UTC" name="teardown" finished-at="2023-11-02T06:54:25 UTC" duration-ms="239" status="PASS">
          <params>
            <param index="0">
              <value>
                <![CDATA[[TestResult name=placeholderTest status=SUCCESS method=LoginUITest.placeholderTest()[pri:0, instance:com.dhl.test.LoginUITest@3c77d488] output={null}]]]>
              </value>
            </param>
          </params>
          <reporter-output>
          </reporter-output>
        </test-method> <!-- teardown -->
        <test-method is-config="true" signature="setup(java.lang.String,java.lang.reflect.Method)[pri:0, instance:com.dhl.test.LoginUITest@3c77d488]" started-at="2023-11-02T06:54:25 UTC" name="setup" finished-at="2023-11-02T06:54:29 UTC" duration-ms="4695" status="PASS">
          <params>
            <param index="0">
              <value>
                <![CDATA[ch]]>
              </value>
            </param>
            <param index="1">
              <value>
                <![CDATA[public void com.dhl.test.LoginUITest.verifyTitleTest()]]>
              </value>
            </param>
          </params>
          <reporter-output>
          </reporter-output>
        </test-method> <!-- setup -->
        <test-method signature="verifyTitleTest()[pri:0, instance:com.dhl.test.LoginUITest@3c77d488]" started-at="2023-11-02T06:54:29 UTC" name="verifyTitleTest" finished-at="2023-11-02T06:54:29 UTC" duration-ms="10" status="PASS">
          <reporter-output>
          </reporter-output>
        </test-method> <!-- verifyTitleTest -->
        <test-method is-config="true" signature="teardown(org.testng.ITestResult)[pri:0, instance:com.dhl.test.LoginUITest@3c77d488]" started-at="2023-11-02T06:54:29 UTC" name="teardown" finished-at="2023-11-02T06:54:30 UTC" duration-ms="320" status="PASS">
          <params>
            <param index="0">
              <value>
                <![CDATA[[TestResult name=verifyTitleTest status=SUCCESS method=LoginUITest.verifyTitleTest()[pri:0, instance:com.dhl.test.LoginUITest@3c77d488] output={null}]]]>
              </value>
            </param>
          </params>
          <reporter-output>
          </reporter-output>
        </test-method> <!-- teardown -->
        <test-method is-config="true" signature="end()[pri:0, instance:com.dhl.test.LoginUITest@3c77d488]" started-at="2023-11-02T06:54:30 UTC" name="end" finished-at="2023-11-02T06:54:30 UTC" duration-ms="412" status="PASS">
          <reporter-output>
          </reporter-output>
        </test-method> <!-- end -->
      </class> <!-- com.dhl.test.LoginUITest -->
    </test> <!-- Default test -->
  </suite> <!-- Default suite -->
</testng-results>
